<?xml version="1.0" encoding="UTF-8"?>
<!-- Generated by org.testng.reporters.JUnitReportReporter -->
<testsuite hostname="Joy" failures="0" tests="1" name="luma.ny.myrunner.MyRunner" time="4.777" errors="0" timestamp="04 Dec 2023 23:14:40 GMT" skipped="0">
  <testcase classname="luma.ny.myrunner.MyRunner" name="runScenario" time="4.777"/>
</testsuite> <!-- luma.ny.myrunner.MyRunner -->
